[     501ms] [INFO] %cDownload the React DevTools for a better development experience: https://react.dev/link/react-devtools font-weight:bold @ http://localhost:3000/_next/static/chunks/5b96d_next_dist_7e3e317f._.js:2297
[     593ms] [LOG] [HMR] connected @ http://localhost:3000/_next/static/chunks/5b96d_next_dist_7e3e317f._.js:2297
[     717ms] [LOG] [Fast Refresh] rebuilding @ http://localhost:3000/_next/static/chunks/5b96d_next_dist_7e3e317f._.js:2297
[     871ms] [LOG] [Fast Refresh] done in 254ms @ http://localhost:3000/_next/static/chunks/5b96d_next_dist_7e3e317f._.js:2297
[     915ms] [LOG] %c[Vercel Web Analytics]%c Debug mode is enabled by default in development. No requests will be sent to the server. color: rgb(120, 120, 120) color: inherit @ http://localhost:3000/_next/static/chunks/5b96d_next_dist_7e3e317f._.js:2297
[     916ms] [LOG] %c[Vercel Web Analytics]%c [view] http://localhost:3000/ color: rgb(120, 120, 120) color: inherit {o: http://localhost:3000/, sv: 0.1.3, sdkn: @vercel/analytics/react, sdkv: 1.6.1, ts: 1775706520252} /_vercel/insights/view @ http://localhost:3000/_next/static/chunks/5b96d_next_dist_7e3e317f._.js:2297
[    3417ms] [LOG] %c[Vercel Web Analytics]%c [view] http://localhost:3000/projects color: rgb(120, 120, 120) color: inherit {o: http://localhost:3000/projects, sv: 0.1.3, sdkn: @vercel/analytics/react, sdkv: 1.6.1, ts: 1775706522745} /_vercel/insights/view @ http://localhost:3000/_next/static/chunks/5b96d_next_dist_7e3e317f._.js:2297
[    4164ms] [LOG] %c[Vercel Web Analytics]%c [view] http://localhost:3000/ color: rgb(120, 120, 120) color: inherit {o: http://localhost:3000/, sv: 0.1.3, sdkn: @vercel/analytics/react, sdkv: 1.6.1, ts: 1775706523498} /_vercel/insights/view @ http://localhost:3000/_next/static/chunks/5b96d_next_dist_7e3e317f._.js:2297
[    5633ms] [LOG] %c[Vercel Web Analytics]%c [view] http://localhost:3000/projects color: rgb(120, 120, 120) color: inherit {o: http://localhost:3000/projects, sv: 0.1.3, sdkn: @vercel/analytics/react, sdkv: 1.6.1, ts: 1775706524968} /_vercel/insights/view @ http://localhost:3000/_next/static/chunks/5b96d_next_dist_7e3e317f._.js:2297
[    6628ms] [LOG] %c[Vercel Web Analytics]%c [view] http://localhost:3000/mcgill color: rgb(120, 120, 120) color: inherit {o: http://localhost:3000/mcgill, sv: 0.1.3, sdkn: @vercel/analytics/react, sdkv: 1.6.1, ts: 1775706525961} /_vercel/insights/view @ http://localhost:3000/_next/static/chunks/5b96d_next_dist_7e3e317f._.js:2297
[    7179ms] [LOG] [Fast Refresh] rebuilding @ http://localhost:3000/_next/static/chunks/5b96d_next_dist_7e3e317f._.js:2297
[    7296ms] [LOG] [Fast Refresh] done in 190ms @ http://localhost:3000/_next/static/chunks/5b96d_next_dist_7e3e317f._.js:2297
[    7326ms] [LOG] %c[Vercel Web Analytics]%c [view] http://localhost:3000/projects color: rgb(120, 120, 120) color: inherit {o: http://localhost:3000/projects, sv: 0.1.3, sdkn: @vercel/analytics/react, sdkv: 1.6.1, ts: 1775706526661} /_vercel/insights/view @ http://localhost:3000/_next/static/chunks/5b96d_next_dist_7e3e317f._.js:2297
[    8870ms] [LOG] %c[Vercel Web Analytics]%c [view] http://localhost:3000/ color: rgb(120, 120, 120) color: inherit {o: http://localhost:3000/, sv: 0.1.3, sdkn: @vercel/analytics/react, sdkv: 1.6.1, ts: 1775706528203} /_vercel/insights/view @ http://localhost:3000/_next/static/chunks/5b96d_next_dist_7e3e317f._.js:2297
[    9727ms] [LOG] %c[Vercel Web Analytics]%c [view] http://localhost:3000/mcgill color: rgb(120, 120, 120) color: inherit {o: http://localhost:3000/mcgill, sv: 0.1.3, sdkn: @vercel/analytics/react, sdkv: 1.6.1, ts: 1775706529062} /_vercel/insights/view @ http://localhost:3000/_next/static/chunks/5b96d_next_dist_7e3e317f._.js:2297
[   10769ms] [LOG] %c[Vercel Web Analytics]%c [view] http://localhost:3000/projects color: rgb(120, 120, 120) color: inherit {o: http://localhost:3000/projects, sv: 0.1.3, sdkn: @vercel/analytics/react, sdkv: 1.6.1, ts: 1775706530103} /_vercel/insights/view @ http://localhost:3000/_next/static/chunks/5b96d_next_dist_7e3e317f._.js:2297
[   11471ms] [LOG] %c[Vercel Web Analytics]%c [view] http://localhost:3000/ color: rgb(120, 120, 120) color: inherit {o: http://localhost:3000/, sv: 0.1.3, sdkn: @vercel/analytics/react, sdkv: 1.6.1, ts: 1775706530806} /_vercel/insights/view @ http://localhost:3000/_next/static/chunks/5b96d_next_dist_7e3e317f._.js:2297
[   12182ms] [LOG] %c[Vercel Web Analytics]%c [view] http://localhost:3000/projects color: rgb(120, 120, 120) color: inherit {o: http://localhost:3000/projects, sv: 0.1.3, sdkn: @vercel/analytics/react, sdkv: 1.6.1, ts: 1775706531517} /_vercel/insights/view @ http://localhost:3000/_next/static/chunks/5b96d_next_dist_7e3e317f._.js:2297
[   13147ms] [LOG] %c[Vercel Web Analytics]%c [view] http://localhost:3000/ color: rgb(120, 120, 120) color: inherit {o: http://localhost:3000/, sv: 0.1.3, sdkn: @vercel/analytics/react, sdkv: 1.6.1, ts: 1775706532481} /_vercel/insights/view @ http://localhost:3000/_next/static/chunks/5b96d_next_dist_7e3e317f._.js:2297
[   20172ms] [LOG] [Fast Refresh] rebuilding @ http://localhost:3000/_next/static/chunks/5b96d_next_dist_7e3e317f._.js:2297
[   20550ms] [LOG] [Fast Refresh] done in 472ms @ http://localhost:3000/_next/static/chunks/5b96d_next_dist_7e3e317f._.js:2297
[   27389ms] [LOG] [Fast Refresh] rebuilding @ http://localhost:3000/_next/static/chunks/5b96d_next_dist_7e3e317f._.js:2297
[   27474ms] [LOG] [Fast Refresh] done in 160ms @ http://localhost:3000/_next/static/chunks/5b96d_next_dist_7e3e317f._.js:2297
[   34917ms] [LOG] [Fast Refresh] rebuilding @ http://localhost:3000/_next/static/chunks/5b96d_next_dist_7e3e317f._.js:2297
[   34944ms] [LOG] [Fast Refresh] done in 54ms @ http://localhost:3000/_next/static/chunks/5b96d_next_dist_7e3e317f._.js:2297
[   63452ms] [LOG] [Fast Refresh] rebuilding @ http://localhost:3000/_next/static/chunks/5b96d_next_dist_7e3e317f._.js:2297
[   63583ms] [LOG] [Fast Refresh] done in 206ms @ http://localhost:3000/_next/static/chunks/5b96d_next_dist_7e3e317f._.js:2297
[   70490ms] [LOG] [Fast Refresh] rebuilding @ http://localhost:3000/_next/static/chunks/5b96d_next_dist_7e3e317f._.js:2297
[   70521ms] [LOG] [Fast Refresh] done in 43ms @ http://localhost:3000/_next/static/chunks/5b96d_next_dist_7e3e317f._.js:2297
[   79455ms] [LOG] [Fast Refresh] rebuilding @ http://localhost:3000/_next/static/chunks/5b96d_next_dist_7e3e317f._.js:2297
[   79485ms] [LOG] [Fast Refresh] done in 43ms @ http://localhost:3000/_next/static/chunks/5b96d_next_dist_7e3e317f._.js:2297
[  193572ms] [LOG] [Fast Refresh] rebuilding @ http://localhost:3000/_next/static/chunks/5b96d_next_dist_7e3e317f._.js:2297
[  193794ms] [LOG] [Fast Refresh] done in 324ms @ http://localhost:3000/_next/static/chunks/5b96d_next_dist_7e3e317f._.js:2297
[  202166ms] [LOG] [Fast Refresh] rebuilding @ http://localhost:3000/_next/static/chunks/5b96d_next_dist_7e3e317f._.js:2297
[  202190ms] [LOG] [Fast Refresh] done in 125ms @ http://localhost:3000/_next/static/chunks/5b96d_next_dist_7e3e317f._.js:2297
[  209175ms] [LOG] [Fast Refresh] rebuilding @ http://localhost:3000/_next/static/chunks/5b96d_next_dist_7e3e317f._.js:2297
[  209177ms] [LOG] [Fast Refresh] done in 103ms @ http://localhost:3000/_next/static/chunks/5b96d_next_dist_7e3e317f._.js:2297
[  263309ms] [LOG] [Fast Refresh] rebuilding @ http://localhost:3000/_next/static/chunks/5b96d_next_dist_7e3e317f._.js:2297
[  263494ms] [LOG] [Fast Refresh] done in 265ms @ http://localhost:3000/_next/static/chunks/5b96d_next_dist_7e3e317f._.js:2297
[  289602ms] [LOG] [Fast Refresh] rebuilding @ http://localhost:3000/_next/static/chunks/5b96d_next_dist_7e3e317f._.js:2297
[  289804ms] [LOG] [Fast Refresh] done in 284ms @ http://localhost:3000/_next/static/chunks/5b96d_next_dist_7e3e317f._.js:2297
